<?xml version="1.0" encoding="UTF-8"?>
<!-- Generated by org.testng.reporters.JUnitXMLReporter -->
<testsuite ignored="0" hostname="Gowthamis-Macbook-Air.local" failures="0" tests="3" name="Default test" time="115.271" errors="0" timestamp="2024-02-18T16:32:34 PST">
  <testcase classname="com.TestCases.ElementsPage" name="CheckBoxField" time="10.52"/>
  <testcase classname="com.TestCases.ElementsPage" name="ElementsPage" time="28.677"/>
  <testcase classname="com.TestCases.ElementsPage" name="TextBoxField" time="30.308"/>
</testsuite> <!-- Default test -->
