<?xml version="1.0" encoding="UTF-8"?>
<!-- Generated by org.testng.reporters.JUnitXMLReporter -->
<testsuite ignored="0" hostname="Gowthamis-Macbook-Air.local" failures="0" tests="3" name="Test" time="34.417" errors="0" timestamp="2024-01-09T13:25:41 PST">
  <testcase classname="com.TestCases.BasePage" name="@BeforeMethod browserLaunch" time="34.394">
    <failure type="org.openqa.selenium.WebDriverException" message="unknown error: cannot determine loading status
from disconnected: received Inspector.detached event
  (Session info: chrome=120.0.6099.199)
Build info: version: &amp;apos;4.15.0&amp;apos;, revision: &amp;apos;1d14b5521b&amp;apos;
System info: os.name: &amp;apos;Mac OS X&amp;apos;, os.arch: &amp;apos;aarch64&amp;apos;, os.version: &amp;apos;14.1.1&amp;apos;, java.version: &amp;apos;17.0.9&amp;apos;
Driver info: org.openqa.selenium.chrome.ChromeDriver
Command: [1529d95a9c8d388f518505b5eb9c002e, get {url=https://demoqa.com}]
Capabilities {acceptInsecureCerts: false, browserName: chrome, browserVersion: 120.0.6099.199, chrome: {chromedriverVersion: 120.0.6099.71 (9729082fe617..., userDataDir: /var/folders/cc/w_vvhs8d555...}, fedcm:accounts: true, goog:chromeOptions: {debuggerAddress: localhost:51708}, networkConnectionEnabled: false, pageLoadStrategy: normal, platformName: mac, proxy: Proxy(), se:cdp: ws://localhost:51708/devtoo..., se:cdpVersion: 120.0.6099.199, setWindowRect: true, strictFileInteractability: false, timeouts: {implicit: 0, pageLoad: 300000, script: 30000}, unhandledPromptBehavior: dismiss and notify, webauthn:extension:credBlob: true, webauthn:extension:largeBlob: true, webauthn:extension:minPinLength: true, webauthn:extension:prf: true, webauthn:virtualAuthenticators: true}
Session ID: 1529d95a9c8d388f518505b5eb9c002e">
      <![CDATA[org.openqa.selenium.WebDriverException: unknown error: cannot determine loading status
from disconnected: received Inspector.detached event
  (Session info: chrome=120.0.6099.199)
Build info: version: '4.15.0', revision: '1d14b5521b'
System info: os.name: 'Mac OS X', os.arch: 'aarch64', os.version: '14.1.1', java.version: '17.0.9'
Driver info: org.openqa.selenium.chrome.ChromeDriver
Command: [1529d95a9c8d388f518505b5eb9c002e, get {url=https://demoqa.com}]
Capabilities {acceptInsecureCerts: false, browserName: chrome, browserVersion: 120.0.6099.199, chrome: {chromedriverVersion: 120.0.6099.71 (9729082fe617..., userDataDir: /var/folders/cc/w_vvhs8d555...}, fedcm:accounts: true, goog:chromeOptions: {debuggerAddress: localhost:51708}, networkConnectionEnabled: false, pageLoadStrategy: normal, platformName: mac, proxy: Proxy(), se:cdp: ws://localhost:51708/devtoo..., se:cdpVersion: 120.0.6099.199, setWindowRect: true, strictFileInteractability: false, timeouts: {implicit: 0, pageLoad: 300000, script: 30000}, unhandledPromptBehavior: dismiss and notify, webauthn:extension:credBlob: true, webauthn:extension:largeBlob: true, webauthn:extension:minPinLength: true, webauthn:extension:prf: true, webauthn:virtualAuthenticators: true}
Session ID: 1529d95a9c8d388f518505b5eb9c002e
at org.openqa.selenium.remote.codec.w3c.W3CHttpResponseCodec.createException(W3CHttpResponseCodec.java:200)
at org.openqa.selenium.remote.codec.w3c.W3CHttpResponseCodec.decode(W3CHttpResponseCodec.java:133)
at org.openqa.selenium.remote.codec.w3c.W3CHttpResponseCodec.decode(W3CHttpResponseCodec.java:52)
at org.openqa.selenium.remote.HttpCommandExecutor.execute(HttpCommandExecutor.java:191)
at org.openqa.selenium.remote.service.DriverCommandExecutor.invokeExecute(DriverCommandExecutor.java:200)
at org.openqa.selenium.remote.service.DriverCommandExecutor.execute(DriverCommandExecutor.java:175)
at org.openqa.selenium.remote.RemoteWebDriver.execute(RemoteWebDriver.java:607)
at org.openqa.selenium.remote.RemoteWebDriver.get(RemoteWebDriver.java:309)
at com.driver.Driver.initDriver(Driver.java:30)
at com.TestCases.BasePage.browserLaunch(BasePage.java:18)
at java.base/java.util.ArrayList.forEach(ArrayList.java:1511)
... Removed 36 stack frames]]>
    </failure>
  </testcase> <!-- @BeforeMethod browserLaunch -->
  <testcase classname="com.TestCases.BasePage" name="@AfterMethod browserTearDown" time="-1.704835541591E9">
    <skipped/>
  </testcase> <!-- @AfterMethod browserTearDown -->
  <testcase classname="com.TestCases.BasePage" name="@BeforeMethod browserLaunch" time="-1.704835541593E9">
    <skipped/>
  </testcase> <!-- @BeforeMethod browserLaunch -->
  <testcase classname="com.TestCases.BasePage" name="@AfterMethod browserTearDown" time="-1.704835541595E9">
    <skipped/>
  </testcase> <!-- @AfterMethod browserTearDown -->
  <testcase classname="com.TestCases.BasePage" name="@BeforeMethod browserLaunch" time="-1.704835541595E9">
    <skipped/>
  </testcase> <!-- @BeforeMethod browserLaunch -->
  <testcase classname="com.TestCases.BasePage" name="@AfterMethod browserTearDown" time="-1.704835541598E9">
    <skipped/>
  </testcase> <!-- @AfterMethod browserTearDown -->
  <testcase classname="com.TestCases.ElementsPage" name="CheckBoxField" time="0.0">
    <skipped/>
  </testcase> <!-- CheckBoxField -->
  <testcase classname="com.TestCases.ElementsPage" name="ElementsPage" time="0.0">
    <skipped/>
  </testcase> <!-- ElementsPage -->
  <testcase classname="com.TestCases.ElementsPage" name="TextBoxField" time="0.0">
    <skipped/>
  </testcase> <!-- TextBoxField -->
</testsuite> <!-- Test -->
