<?xml version="1.0" encoding="UTF-8"?>
<!-- Generated by org.testng.reporters.JUnitXMLReporter -->
<testsuite ignored="2" hostname="Gowthamis-Macbook-Air.local" failures="0" tests="4" name="Test(failed)" time="0.104" errors="0" timestamp="2023-12-07T12:11:36 PST">
  <testcase classname="com.TestCases.BasePage" name="@BeforeTest browserLaunch" time="0.008">
    <failure type="java.lang.NullPointerException" message="Cannot invoke &amp;quot;org.openqa.selenium.WebDriver.get(String)&amp;quot; because the return value of &amp;quot;com.driver.DriverManager.getDriver()&amp;quot; is null">
      <![CDATA[java.lang.NullPointerException: Cannot invoke "org.openqa.selenium.WebDriver.get(String)" because the return value of "com.driver.DriverManager.getDriver()" is null
at com.driver.Driver.initDriver(Driver.java:22)
at com.TestCases.BasePage.browserLaunch(BasePage.java:18)
... Removed 24 stack frames]]>
    </failure>
  </testcase> <!-- @BeforeTest browserLaunch -->
  <testcase classname="com.TestCases.BasePage" name="@AfterTest browserTearDown" time="-1.701979896221E9">
    <skipped/>
  </testcase> <!-- @AfterTest browserTearDown -->
  <testcase classname="com.TestCases.FormsPage" name="FormsPage" time="0.0">
    <skipped/>
  </testcase> <!-- FormsPage -->
  <testcase classname="com.TestCases.ElementsPage" name="ElementsPage" time="0.0">
    <skipped/>
  </testcase> <!-- ElementsPage -->
  <testcase classname="com.TestCases.ElementsPage" name="TextBoxField" time="0.0">
    <skipped/>
  </testcase> <!-- TextBoxField -->
  <testcase classname="com.TestCases.ElementsPage" name="CheckBoxField" time="0.0">
    <skipped/>
  </testcase> <!-- CheckBoxField -->
  <testcase classname="com.TestCases.BasePage" name="@AfterTest browserTearDown" time="0.0">
    <ignored/>
  </testcase> <!-- @AfterTest browserTearDown -->
  <testcase classname="com.TestCases.BasePage" name="@BeforeTest browserLaunch" time="0.0">
    <ignored/>
  </testcase> <!-- @BeforeTest browserLaunch -->
</testsuite> <!-- Test(failed) -->
