<?xml version="1.0" encoding="UTF-8"?>
<testng-results ignored="0" total="3" passed="3" failed="0" skipped="0">
  <reporter-output>
  </reporter-output>
  <suite started-at="2024-02-18T16:30:39 PST" name="Default suite" finished-at="2024-02-18T16:32:34 PST" duration-ms="115271">
    <groups>
      <group name="Regression">
        <method signature="ElementsPage.CheckBoxField()[pri:0, instance:com.TestCases.ElementsPage@2bbf180e]" name="CheckBoxField" class="com.TestCases.ElementsPage"/>
        <method signature="ElementsPage.ElementsPage()[pri:0, instance:com.TestCases.ElementsPage@2bbf180e]" name="ElementsPage" class="com.TestCases.ElementsPage"/>
      </group> <!-- Regression -->
      <group name="ElementsPage">
        <method signature="ElementsPage.CheckBoxField()[pri:0, instance:com.TestCases.ElementsPage@2bbf180e]" name="CheckBoxField" class="com.TestCases.ElementsPage"/>
        <method signature="ElementsPage.ElementsPage()[pri:0, instance:com.TestCases.ElementsPage@2bbf180e]" name="ElementsPage" class="com.TestCases.ElementsPage"/>
      </group> <!-- ElementsPage -->
    </groups>
    <test started-at="2024-02-18T16:30:39 PST" name="Default test" finished-at="2024-02-18T16:32:34 PST" duration-ms="115271">
      <class name="com.TestCases.ElementsPage">
        <test-method is-config="true" signature="browserLaunch()[pri:0, instance:com.TestCases.ElementsPage@2bbf180e]" started-at="2024-02-18T16:30:39 PST" name="browserLaunch" finished-at="2024-02-18T16:30:52 PST" duration-ms="13212" status="PASS">
          <reporter-output>
          </reporter-output>
        </test-method> <!-- browserLaunch -->
        <test-method signature="CheckBoxField()[pri:0, instance:com.TestCases.ElementsPage@2bbf180e]" started-at="2024-02-18T16:30:52 PST" name="CheckBoxField" finished-at="2024-02-18T16:31:03 PST" duration-ms="10520" status="PASS">
          <reporter-output>
          </reporter-output>
        </test-method> <!-- CheckBoxField -->
        <test-method is-config="true" signature="browserTearDown()[pri:0, instance:com.TestCases.ElementsPage@2bbf180e]" started-at="2024-02-18T16:31:03 PST" name="browserTearDown" finished-at="2024-02-18T16:31:03 PST" duration-ms="169" status="PASS">
          <reporter-output>
          </reporter-output>
        </test-method> <!-- browserTearDown -->
        <test-method is-config="true" signature="browserLaunch()[pri:0, instance:com.TestCases.ElementsPage@2bbf180e]" started-at="2024-02-18T16:31:03 PST" name="browserLaunch" finished-at="2024-02-18T16:31:17 PST" duration-ms="14067" status="PASS">
          <reporter-output>
          </reporter-output>
        </test-method> <!-- browserLaunch -->
        <test-method signature="ElementsPage()[pri:0, instance:com.TestCases.ElementsPage@2bbf180e]" started-at="2024-02-18T16:31:17 PST" name="ElementsPage" finished-at="2024-02-18T16:31:46 PST" duration-ms="28677" status="PASS">
          <reporter-output>
          </reporter-output>
        </test-method> <!-- ElementsPage -->
        <test-method is-config="true" signature="browserTearDown()[pri:0, instance:com.TestCases.ElementsPage@2bbf180e]" started-at="2024-02-18T16:31:46 PST" name="browserTearDown" finished-at="2024-02-18T16:31:46 PST" duration-ms="588" status="PASS">
          <reporter-output>
          </reporter-output>
        </test-method> <!-- browserTearDown -->
        <test-method is-config="true" signature="browserLaunch()[pri:0, instance:com.TestCases.ElementsPage@2bbf180e]" started-at="2024-02-18T16:31:46 PST" name="browserLaunch" finished-at="2024-02-18T16:32:03 PST" duration-ms="16944" status="PASS">
          <reporter-output>
          </reporter-output>
        </test-method> <!-- browserLaunch -->
        <test-method signature="TextBoxField()[pri:0, instance:com.TestCases.ElementsPage@2bbf180e]" started-at="2024-02-18T16:32:03 PST" name="TextBoxField" finished-at="2024-02-18T16:32:33 PST" duration-ms="30308" status="PASS">
          <reporter-output>
          </reporter-output>
        </test-method> <!-- TextBoxField -->
        <test-method is-config="true" signature="browserTearDown()[pri:0, instance:com.TestCases.ElementsPage@2bbf180e]" started-at="2024-02-18T16:32:33 PST" name="browserTearDown" finished-at="2024-02-18T16:32:34 PST" duration-ms="774" status="PASS">
          <reporter-output>
          </reporter-output>
        </test-method> <!-- browserTearDown -->
      </class> <!-- com.TestCases.ElementsPage -->
    </test> <!-- Default test -->
  </suite> <!-- Default suite -->
</testng-results>
